PayPal\Core\PPHttpConnection: Connecting to https://api.sandbox.paypal.com/v1/vault/credit-card/CARD-05N57582Y0793294UKLKIXYY
PayPal\Core\PPHttpConnection: Payload 
PayPal\Core\PPHttpConnection: Adding header Content-Type: application/json
PayPal\Core\PPHttpConnection: Adding header User-Agent: PayPalSDK/rest-sdk-php 0.6.0 (lang=PHP;v=5.4.21;bit=64;os=Darwin_13.0.0;machine=x86_64;openssl=0.9.8y;curl=7.30.0)
PayPal\Core\PPHttpConnection: Adding header Authorization: Bearer kCn.OSK7tgE6sgOzAD.vj9OcAaewVHZL6jigc66PGsE
PayPal\Transport\PPRestCall: {"id":"CARD-05N57582Y0793294UKLKIXYY","state":"ok","payer_id":"bb03499e-71c6-11e3-85d4-22000a8a1935","type":"mastercard","number":"xxxxxxxxxxxx4054","expire_month":"6","expire_year":"2014","first_name":"John","last_name":"Meah","billing_address":{"line1":"125 Bowery Street","line2":"Suite 814","city":"New York","state":"NY","postal_code":"10018","country_code":"US"},"valid_until":"2014-07-01T00:00:00Z","create_time":"2014-01-14T00:59:15Z","update_time":"2014-01-14T00:59:15Z","links":[{"href":"https://api.sandbox.paypal.com/v1/vault/credit-card/CARD-05N57582Y0793294UKLKIXYY","rel":"self","method":"GET"},{"href":"https://api.sandbox.paypal.com/v1/vault/credit-card/CARD-05N57582Y0793294UKLKIXYY","rel":"delete","method":"DELETE"},{"href":"https://api.sandbox.paypal.com/v1/vault/credit-card/CARD-05N57582Y0793294UKLKIXYY","rel":"patch","method":"PATCH"}]}
CreateRecurringPaymentProfile: Error Message : Got Http response code 500 when accessing https://api-3t.sandbox.paypal.com/2.0.
PayPal\Core\PPHttpConnection: Connecting to https://api.sandbox.paypal.com/v1/vault/credit-card/CARD-05N57582Y0793294UKLKIXYY
PayPal\Core\PPHttpConnection: Payload 
PayPal\Core\PPHttpConnection: Adding header Content-Type: application/json
PayPal\Core\PPHttpConnection: Adding header User-Agent: PayPalSDK/rest-sdk-php 0.6.0 (lang=PHP;v=5.4.21;bit=64;os=Darwin_13.0.0;machine=x86_64;openssl=0.9.8y;curl=7.30.0)
PayPal\Core\PPHttpConnection: Adding header Authorization: Bearer kCn.OSK7tgE6sgOzAD.vj9OcAaewVHZL6jigc66PGsE
PayPal\Transport\PPRestCall: {"id":"CARD-05N57582Y0793294UKLKIXYY","state":"ok","payer_id":"bb03499e-71c6-11e3-85d4-22000a8a1935","type":"mastercard","number":"xxxxxxxxxxxx4054","expire_month":"6","expire_year":"2014","first_name":"John","last_name":"Meah","billing_address":{"line1":"125 Bowery Street","line2":"Suite 814","city":"New York","state":"NY","postal_code":"10018","country_code":"US"},"valid_until":"2014-07-01T00:00:00Z","create_time":"2014-01-14T00:59:15Z","update_time":"2014-01-14T00:59:15Z","links":[{"href":"https://api.sandbox.paypal.com/v1/vault/credit-card/CARD-05N57582Y0793294UKLKIXYY","rel":"self","method":"GET"},{"href":"https://api.sandbox.paypal.com/v1/vault/credit-card/CARD-05N57582Y0793294UKLKIXYY","rel":"delete","method":"DELETE"},{"href":"https://api.sandbox.paypal.com/v1/vault/credit-card/CARD-05N57582Y0793294UKLKIXYY","rel":"patch","method":"PATCH"}]}
CreateRecurringPaymentProfile: Error Message : Got Http response code 500 when accessing https://api-3t.sandbox.paypal.com/2.0.
PayPal\Core\PPHttpConnection: Connecting to https://api.sandbox.paypal.com/v1/vault/credit-card/CARD-05N57582Y0793294UKLKIXYY
PayPal\Core\PPHttpConnection: Payload 
PayPal\Core\PPHttpConnection: Adding header Content-Type: application/json
PayPal\Core\PPHttpConnection: Adding header User-Agent: PayPalSDK/rest-sdk-php 0.6.0 (lang=PHP;v=5.4.21;bit=64;os=Darwin_13.0.0;machine=x86_64;openssl=0.9.8y;curl=7.30.0)
PayPal\Core\PPHttpConnection: Adding header Authorization: Bearer kCn.OSK7tgE6sgOzAD.vj9OcAaewVHZL6jigc66PGsE
PayPal\Transport\PPRestCall: {"id":"CARD-05N57582Y0793294UKLKIXYY","state":"ok","payer_id":"bb03499e-71c6-11e3-85d4-22000a8a1935","type":"mastercard","number":"xxxxxxxxxxxx4054","expire_month":"6","expire_year":"2014","first_name":"John","last_name":"Meah","billing_address":{"line1":"125 Bowery Street","line2":"Suite 814","city":"New York","state":"NY","postal_code":"10018","country_code":"US"},"valid_until":"2014-07-01T00:00:00Z","create_time":"2014-01-14T00:59:15Z","update_time":"2014-01-14T00:59:15Z","links":[{"href":"https://api.sandbox.paypal.com/v1/vault/credit-card/CARD-05N57582Y0793294UKLKIXYY","rel":"self","method":"GET"},{"href":"https://api.sandbox.paypal.com/v1/vault/credit-card/CARD-05N57582Y0793294UKLKIXYY","rel":"delete","method":"DELETE"},{"href":"https://api.sandbox.paypal.com/v1/vault/credit-card/CARD-05N57582Y0793294UKLKIXYY","rel":"patch","method":"PATCH"}]}
PayPal\Core\PPHttpConnection: Connecting to https://api.sandbox.paypal.com/v1/oauth2/token
PayPal\Core\PPHttpConnection: Payload grant_type=client_credentials
PayPal\Core\PPHttpConnection: Adding header User-Agent: PayPalSDK/rest-sdk-php 0.6.0 (lang=PHP;v=5.4.21;bit=64;os=Darwin_13.0.0;machine=x86_64;openssl=0.9.8y;curl=7.30.0)
PayPal\Core\PPHttpConnection: Adding header Authorization: Basic QWFjT1VSQURuM3N6cktmeWlRbUhWNk83bXp2YmhnRWJuVEdhUU5zWWFpbF9LV1Q4S2FnOTFQVjlvSDNKOkVNSC1uaERhOERmQ013aFhmWTZHRHdQc1kzSHlVN0pMRXdWTDJUZjM4ZHloVTBkTEhaNnNhVmpscUYtUw==
PayPal\Core\PPHttpConnection: Adding header Accept: */*
PayPal\Core\PPHttpConnection: Connecting to https://api.sandbox.paypal.com/v1/vault/credit-card/CARD-05N57582Y0793294UKLKIXYY
PayPal\Core\PPHttpConnection: Payload 
PayPal\Core\PPHttpConnection: Adding header Content-Type: application/json
PayPal\Core\PPHttpConnection: Adding header User-Agent: PayPalSDK/rest-sdk-php 0.6.0 (lang=PHP;v=5.4.21;bit=64;os=Darwin_13.0.0;machine=x86_64;openssl=0.9.8y;curl=7.30.0)
PayPal\Core\PPHttpConnection: Adding header Authorization: Bearer .fHpoO-JjRU6KQvIPcshzYOOpe04bL.WN1ZOvJ5qyU8
PayPal\Transport\PPRestCall: {"id":"CARD-05N57582Y0793294UKLKIXYY","state":"ok","payer_id":"bb03499e-71c6-11e3-85d4-22000a8a1935","type":"mastercard","number":"xxxxxxxxxxxx4054","expire_month":"6","expire_year":"2014","first_name":"John","last_name":"Meah","billing_address":{"line1":"125 Bowery Street","line2":"Suite 814","city":"New York","state":"NY","postal_code":"10018","country_code":"US"},"valid_until":"2014-07-01T00:00:00Z","create_time":"2014-01-14T00:59:15Z","update_time":"2014-01-14T00:59:15Z","links":[{"href":"https://api.sandbox.paypal.com/v1/vault/credit-card/CARD-05N57582Y0793294UKLKIXYY","rel":"self","method":"GET"},{"href":"https://api.sandbox.paypal.com/v1/vault/credit-card/CARD-05N57582Y0793294UKLKIXYY","rel":"delete","method":"DELETE"},{"href":"https://api.sandbox.paypal.com/v1/vault/credit-card/CARD-05N57582Y0793294UKLKIXYY","rel":"patch","method":"PATCH"}]}
PayPal\Core\PPHttpConnection: Connecting to https://api.sandbox.paypal.com/v1/vault/credit-card/CARD-05N57582Y0793294UKLKIXYY
PayPal\Core\PPHttpConnection: Payload 
PayPal\Core\PPHttpConnection: Adding header Content-Type: application/json
PayPal\Core\PPHttpConnection: Adding header User-Agent: PayPalSDK/rest-sdk-php 0.6.0 (lang=PHP;v=5.4.21;bit=64;os=Darwin_13.0.0;machine=x86_64;openssl=0.9.8y;curl=7.30.0)
PayPal\Core\PPHttpConnection: Adding header Authorization: Bearer .fHpoO-JjRU6KQvIPcshzYOOpe04bL.WN1ZOvJ5qyU8
PayPal\Transport\PPRestCall: {"id":"CARD-05N57582Y0793294UKLKIXYY","state":"ok","payer_id":"bb03499e-71c6-11e3-85d4-22000a8a1935","type":"mastercard","number":"xxxxxxxxxxxx4054","expire_month":"6","expire_year":"2014","first_name":"John","last_name":"Meah","billing_address":{"line1":"125 Bowery Street","line2":"Suite 814","city":"New York","state":"NY","postal_code":"10018","country_code":"US"},"valid_until":"2014-07-01T00:00:00Z","create_time":"2014-01-14T00:59:15Z","update_time":"2014-01-14T00:59:15Z","links":[{"href":"https://api.sandbox.paypal.com/v1/vault/credit-card/CARD-05N57582Y0793294UKLKIXYY","rel":"self","method":"GET"},{"href":"https://api.sandbox.paypal.com/v1/vault/credit-card/CARD-05N57582Y0793294UKLKIXYY","rel":"delete","method":"DELETE"},{"href":"https://api.sandbox.paypal.com/v1/vault/credit-card/CARD-05N57582Y0793294UKLKIXYY","rel":"patch","method":"PATCH"}]}
PayPal\Core\PPHttpConnection: Connecting to https://api.sandbox.paypal.com/v1/vault/credit-card/CARD-05N57582Y0793294UKLKIXYY
PayPal\Core\PPHttpConnection: Payload 
PayPal\Core\PPHttpConnection: Adding header Content-Type: application/json
PayPal\Core\PPHttpConnection: Adding header User-Agent: PayPalSDK/rest-sdk-php 0.6.0 (lang=PHP;v=5.4.21;bit=64;os=Darwin_13.0.0;machine=x86_64;openssl=0.9.8y;curl=7.30.0)
PayPal\Core\PPHttpConnection: Adding header Authorization: Bearer .fHpoO-JjRU6KQvIPcshzYOOpe04bL.WN1ZOvJ5qyU8
PayPal\Transport\PPRestCall: {"id":"CARD-05N57582Y0793294UKLKIXYY","state":"ok","payer_id":"bb03499e-71c6-11e3-85d4-22000a8a1935","type":"mastercard","number":"xxxxxxxxxxxx4054","expire_month":"6","expire_year":"2014","first_name":"John","last_name":"Meah","billing_address":{"line1":"125 Bowery Street","line2":"Suite 814","city":"New York","state":"NY","postal_code":"10018","country_code":"US"},"valid_until":"2014-07-01T00:00:00Z","create_time":"2014-01-14T00:59:15Z","update_time":"2014-01-14T00:59:15Z","links":[{"href":"https://api.sandbox.paypal.com/v1/vault/credit-card/CARD-05N57582Y0793294UKLKIXYY","rel":"self","method":"GET"},{"href":"https://api.sandbox.paypal.com/v1/vault/credit-card/CARD-05N57582Y0793294UKLKIXYY","rel":"delete","method":"DELETE"},{"href":"https://api.sandbox.paypal.com/v1/vault/credit-card/CARD-05N57582Y0793294UKLKIXYY","rel":"patch","method":"PATCH"}]}
PayPal\Core\PPHttpConnection: Connecting to https://api.sandbox.paypal.com/v1/vault/credit-card/CARD-05N57582Y0793294UKLKIXYY
PayPal\Core\PPHttpConnection: Payload 
PayPal\Core\PPHttpConnection: Adding header Content-Type: application/json
PayPal\Core\PPHttpConnection: Adding header User-Agent: PayPalSDK/rest-sdk-php 0.6.0 (lang=PHP;v=5.4.21;bit=64;os=Darwin_13.0.0;machine=x86_64;openssl=0.9.8y;curl=7.30.0)
PayPal\Core\PPHttpConnection: Adding header Authorization: Bearer .fHpoO-JjRU6KQvIPcshzYOOpe04bL.WN1ZOvJ5qyU8
PayPal\Transport\PPRestCall: {"id":"CARD-05N57582Y0793294UKLKIXYY","state":"ok","payer_id":"bb03499e-71c6-11e3-85d4-22000a8a1935","type":"mastercard","number":"xxxxxxxxxxxx4054","expire_month":"6","expire_year":"2014","first_name":"John","last_name":"Meah","billing_address":{"line1":"125 Bowery Street","line2":"Suite 814","city":"New York","state":"NY","postal_code":"10018","country_code":"US"},"valid_until":"2014-07-01T00:00:00Z","create_time":"2014-01-14T00:59:15Z","update_time":"2014-01-14T00:59:15Z","links":[{"href":"https://api.sandbox.paypal.com/v1/vault/credit-card/CARD-05N57582Y0793294UKLKIXYY","rel":"self","method":"GET"},{"href":"https://api.sandbox.paypal.com/v1/vault/credit-card/CARD-05N57582Y0793294UKLKIXYY","rel":"delete","method":"DELETE"},{"href":"https://api.sandbox.paypal.com/v1/vault/credit-card/CARD-05N57582Y0793294UKLKIXYY","rel":"patch","method":"PATCH"}]}
SetExpressCheckout: API Error Message : PaymentAction of Order is not allowed with Unilateral and Non-Credentialed authentication.
PayPal\Core\PPHttpConnection: Connecting to https://api.sandbox.paypal.com/v1/oauth2/token
PayPal\Core\PPHttpConnection: Payload grant_type=client_credentials
PayPal\Core\PPHttpConnection: Adding header User-Agent: PayPalSDK/rest-sdk-php 0.6.0 (lang=PHP;v=5.4.21;bit=64;os=Darwin_13.0.0;machine=x86_64;openssl=0.9.8y;curl=7.30.0)
PayPal\Core\PPHttpConnection: Adding header Authorization: Basic QWFjT1VSQURuM3N6cktmeWlRbUhWNk83bXp2YmhnRWJuVEdhUU5zWWFpbF9LV1Q4S2FnOTFQVjlvSDNKOkVNSC1uaERhOERmQ013aFhmWTZHRHdQc1kzSHlVN0pMRXdWTDJUZjM4ZHloVTBkTEhaNnNhVmpscUYtUw==
PayPal\Core\PPHttpConnection: Adding header Accept: */*
PayPal\Core\PPHttpConnection: Connecting to https://api.sandbox.paypal.com/v1/vault/credit-card/CARD-05N57582Y0793294UKLKIXYY
PayPal\Core\PPHttpConnection: Payload 
PayPal\Core\PPHttpConnection: Adding header Content-Type: application/json
PayPal\Core\PPHttpConnection: Adding header User-Agent: PayPalSDK/rest-sdk-php 0.6.0 (lang=PHP;v=5.4.21;bit=64;os=Darwin_13.0.0;machine=x86_64;openssl=0.9.8y;curl=7.30.0)
PayPal\Core\PPHttpConnection: Adding header Authorization: Bearer fyqOdSv9ed2Q1ICUoZqRzayVF9-el2NCM8mjayTB9ZE
PayPal\Transport\PPRestCall: {"id":"CARD-05N57582Y0793294UKLKIXYY","state":"ok","payer_id":"bb03499e-71c6-11e3-85d4-22000a8a1935","type":"mastercard","number":"xxxxxxxxxxxx4054","expire_month":"6","expire_year":"2014","first_name":"John","last_name":"Meah","billing_address":{"line1":"125 Bowery Street","line2":"Suite 814","city":"New York","state":"NY","postal_code":"10018","country_code":"US"},"valid_until":"2014-07-01T00:00:00Z","create_time":"2014-01-14T00:59:15Z","update_time":"2014-01-14T00:59:15Z","links":[{"href":"https://api.sandbox.paypal.com/v1/vault/credit-card/CARD-05N57582Y0793294UKLKIXYY","rel":"self","method":"GET"},{"href":"https://api.sandbox.paypal.com/v1/vault/credit-card/CARD-05N57582Y0793294UKLKIXYY","rel":"delete","method":"DELETE"},{"href":"https://api.sandbox.paypal.com/v1/vault/credit-card/CARD-05N57582Y0793294UKLKIXYY","rel":"patch","method":"PATCH"}]}
SetExpressCheckout: API Error Message : PaymentAction of Order is not allowed with Unilateral and Non-Credentialed authentication.
PayPal\Core\PPHttpConnection: Connecting to https://api.sandbox.paypal.com/v1/vault/credit-card/CARD-05N57582Y0793294UKLKIXYY
PayPal\Core\PPHttpConnection: Payload 
PayPal\Core\PPHttpConnection: Adding header Content-Type: application/json
PayPal\Core\PPHttpConnection: Adding header User-Agent: PayPalSDK/rest-sdk-php 0.6.0 (lang=PHP;v=5.4.21;bit=64;os=Darwin_13.0.0;machine=x86_64;openssl=0.9.8y;curl=7.30.0)
PayPal\Core\PPHttpConnection: Adding header Authorization: Bearer .fHpoO-JjRU6KQvIPcshzYOOpe04bL.WN1ZOvJ5qyU8
PayPal\Transport\PPRestCall: {"id":"CARD-05N57582Y0793294UKLKIXYY","state":"ok","payer_id":"bb03499e-71c6-11e3-85d4-22000a8a1935","type":"mastercard","number":"xxxxxxxxxxxx4054","expire_month":"6","expire_year":"2014","first_name":"John","last_name":"Meah","billing_address":{"line1":"125 Bowery Street","line2":"Suite 814","city":"New York","state":"NY","postal_code":"10018","country_code":"US"},"valid_until":"2014-07-01T00:00:00Z","create_time":"2014-01-14T00:59:15Z","update_time":"2014-01-14T00:59:15Z","links":[{"href":"https://api.sandbox.paypal.com/v1/vault/credit-card/CARD-05N57582Y0793294UKLKIXYY","rel":"self","method":"GET"},{"href":"https://api.sandbox.paypal.com/v1/vault/credit-card/CARD-05N57582Y0793294UKLKIXYY","rel":"delete","method":"DELETE"},{"href":"https://api.sandbox.paypal.com/v1/vault/credit-card/CARD-05N57582Y0793294UKLKIXYY","rel":"patch","method":"PATCH"}]}
SetExpressCheckout: API Error Message : PaymentAction of Order is not allowed with Unilateral and Non-Credentialed authentication.
PayPal\Core\PPHttpConnection: Connecting to https://api.sandbox.paypal.com/v1/vault/credit-card/CARD-05N57582Y0793294UKLKIXYY
PayPal\Core\PPHttpConnection: Payload 
PayPal\Core\PPHttpConnection: Adding header Content-Type: application/json
PayPal\Core\PPHttpConnection: Adding header User-Agent: PayPalSDK/rest-sdk-php 0.6.0 (lang=PHP;v=5.4.21;bit=64;os=Darwin_13.0.0;machine=x86_64;openssl=0.9.8y;curl=7.30.0)
PayPal\Core\PPHttpConnection: Adding header Authorization: Bearer .fHpoO-JjRU6KQvIPcshzYOOpe04bL.WN1ZOvJ5qyU8
PayPal\Transport\PPRestCall: {"id":"CARD-05N57582Y0793294UKLKIXYY","state":"ok","payer_id":"bb03499e-71c6-11e3-85d4-22000a8a1935","type":"mastercard","number":"xxxxxxxxxxxx4054","expire_month":"6","expire_year":"2014","first_name":"John","last_name":"Meah","billing_address":{"line1":"125 Bowery Street","line2":"Suite 814","city":"New York","state":"NY","postal_code":"10018","country_code":"US"},"valid_until":"2014-07-01T00:00:00Z","create_time":"2014-01-14T00:59:15Z","update_time":"2014-01-14T00:59:15Z","links":[{"href":"https://api.sandbox.paypal.com/v1/vault/credit-card/CARD-05N57582Y0793294UKLKIXYY","rel":"self","method":"GET"},{"href":"https://api.sandbox.paypal.com/v1/vault/credit-card/CARD-05N57582Y0793294UKLKIXYY","rel":"delete","method":"DELETE"},{"href":"https://api.sandbox.paypal.com/v1/vault/credit-card/CARD-05N57582Y0793294UKLKIXYY","rel":"patch","method":"PATCH"}]}
SetExpressCheckout: API Error Message : PaymentAction of Order is not allowed with Unilateral and Non-Credentialed authentication.
PayPal\Core\PPHttpConnection: Connecting to https://api.sandbox.paypal.com/v1/vault/credit-card/CARD-05N57582Y0793294UKLKIXYY
PayPal\Core\PPHttpConnection: Payload 
PayPal\Core\PPHttpConnection: Adding header Content-Type: application/json
PayPal\Core\PPHttpConnection: Adding header User-Agent: PayPalSDK/rest-sdk-php 0.6.0 (lang=PHP;v=5.4.21;bit=64;os=Darwin_13.0.0;machine=x86_64;openssl=0.9.8y;curl=7.30.0)
PayPal\Core\PPHttpConnection: Adding header Authorization: Bearer .fHpoO-JjRU6KQvIPcshzYOOpe04bL.WN1ZOvJ5qyU8
PayPal\Transport\PPRestCall: {"id":"CARD-05N57582Y0793294UKLKIXYY","state":"ok","payer_id":"bb03499e-71c6-11e3-85d4-22000a8a1935","type":"mastercard","number":"xxxxxxxxxxxx4054","expire_month":"6","expire_year":"2014","first_name":"John","last_name":"Meah","billing_address":{"line1":"125 Bowery Street","line2":"Suite 814","city":"New York","state":"NY","postal_code":"10018","country_code":"US"},"valid_until":"2014-07-01T00:00:00Z","create_time":"2014-01-14T00:59:15Z","update_time":"2014-01-14T00:59:15Z","links":[{"href":"https://api.sandbox.paypal.com/v1/vault/credit-card/CARD-05N57582Y0793294UKLKIXYY","rel":"self","method":"GET"},{"href":"https://api.sandbox.paypal.com/v1/vault/credit-card/CARD-05N57582Y0793294UKLKIXYY","rel":"delete","method":"DELETE"},{"href":"https://api.sandbox.paypal.com/v1/vault/credit-card/CARD-05N57582Y0793294UKLKIXYY","rel":"patch","method":"PATCH"}]}
SetExpressCheckout: API Error Message : PaymentAction of Order is not allowed with Unilateral and Non-Credentialed authentication.
PayPal\Core\PPHttpConnection: Connecting to https://api.sandbox.paypal.com/v1/vault/credit-card/CARD-05N57582Y0793294UKLKIXYY
PayPal\Core\PPHttpConnection: Payload 
PayPal\Core\PPHttpConnection: Adding header Content-Type: application/json
PayPal\Core\PPHttpConnection: Adding header User-Agent: PayPalSDK/rest-sdk-php 0.6.0 (lang=PHP;v=5.4.21;bit=64;os=Darwin_13.0.0;machine=x86_64;openssl=0.9.8y;curl=7.30.0)
PayPal\Core\PPHttpConnection: Adding header Authorization: Bearer .fHpoO-JjRU6KQvIPcshzYOOpe04bL.WN1ZOvJ5qyU8
PayPal\Transport\PPRestCall: {"id":"CARD-05N57582Y0793294UKLKIXYY","state":"ok","payer_id":"bb03499e-71c6-11e3-85d4-22000a8a1935","type":"mastercard","number":"xxxxxxxxxxxx4054","expire_month":"6","expire_year":"2014","first_name":"John","last_name":"Meah","billing_address":{"line1":"125 Bowery Street","line2":"Suite 814","city":"New York","state":"NY","postal_code":"10018","country_code":"US"},"valid_until":"2014-07-01T00:00:00Z","create_time":"2014-01-14T00:59:15Z","update_time":"2014-01-14T00:59:15Z","links":[{"href":"https://api.sandbox.paypal.com/v1/vault/credit-card/CARD-05N57582Y0793294UKLKIXYY","rel":"self","method":"GET"},{"href":"https://api.sandbox.paypal.com/v1/vault/credit-card/CARD-05N57582Y0793294UKLKIXYY","rel":"delete","method":"DELETE"},{"href":"https://api.sandbox.paypal.com/v1/vault/credit-card/CARD-05N57582Y0793294UKLKIXYY","rel":"patch","method":"PATCH"}]}
PayPal\Core\PPHttpConnection: Connecting to https://api.sandbox.paypal.com/v1/oauth2/token
PayPal\Core\PPHttpConnection: Payload grant_type=client_credentials
PayPal\Core\PPHttpConnection: Adding header User-Agent: PayPalSDK/rest-sdk-php 0.6.0 (lang=PHP;v=5.4.21;bit=64;os=Darwin_13.0.0;machine=x86_64;openssl=0.9.8y;curl=7.30.0)
PayPal\Core\PPHttpConnection: Adding header Authorization: Basic QWFjT1VSQURuM3N6cktmeWlRbUhWNk83bXp2YmhnRWJuVEdhUU5zWWFpbF9LV1Q4S2FnOTFQVjlvSDNKOkVNSC1uaERhOERmQ013aFhmWTZHRHdQc1kzSHlVN0pMRXdWTDJUZjM4ZHloVTBkTEhaNnNhVmpscUYtUw==
PayPal\Core\PPHttpConnection: Adding header Accept: */*
PayPal\Core\PPHttpConnection: Connecting to https://api.sandbox.paypal.com/v1/vault/credit-card
PayPal\Core\PPHttpConnection: Payload {"type":"mastercard","number":"5556984653649790","expire_month":"06","expire_year":"2014","first_name":"Alice","last_name":"Bowden","payer_id":"bb03499e-71c6-11e3-85d4-22000a8a1935","billing_address":{"line1":"999 Creeper Lane","line2":"Apt. 2","city":"Springfield","state":"IL","postal_code":"12345","country_code":"US"}}
PayPal\Core\PPHttpConnection: Adding header Content-Type: application/json
PayPal\Core\PPHttpConnection: Adding header User-Agent: PayPalSDK/rest-sdk-php 0.6.0 (lang=PHP;v=5.4.21;bit=64;os=Darwin_13.0.0;machine=x86_64;openssl=0.9.8y;curl=7.30.0)
PayPal\Core\PPHttpConnection: Adding header Authorization: Bearer alvq-YlhmRiaQjqv9-ZSjabustXkzedYzYkwGCM3cxA
PayPal\Core\PPHttpConnection: Adding header PayPal-Request-Id: 21307064331946139007865328349
PayPal\Transport\PPRestCall: {"id":"CARD-8K0121289K720052LKLNOVHQ","state":"ok","payer_id":"bb03499e-71c6-11e3-85d4-22000a8a1935","type":"mastercard","number":"xxxxxxxxxxxx9790","expire_month":"6","expire_year":"2014","first_name":"Alice","last_name":"Bowden","billing_address":{"line1":"999 Creeper Lane","line2":"Apt. 2","city":"Springfield","state":"IL","postal_code":"12345","country_code":"US"},"valid_until":"2017-01-17T00:00:00Z","create_time":"2014-01-18T20:57:02Z","update_time":"2014-01-18T20:57:02Z","links":[{"href":"https://api.sandbox.paypal.com/v1/vault/credit-card/CARD-8K0121289K720052LKLNOVHQ","rel":"self","method":"GET"},{"href":"https://api.sandbox.paypal.com/v1/vault/credit-card/CARD-8K0121289K720052LKLNOVHQ","rel":"delete","method":"DELETE"},{"href":"https://api.sandbox.paypal.com/v1/vault/credit-card/CARD-8K0121289K720052LKLNOVHQ","rel":"patch","method":"PATCH"}]}
PayPal\Core\PPHttpConnection: Connecting to https://api.sandbox.paypal.com/v1/vault/credit-card
PayPal\Core\PPHttpConnection: Payload {"type":"amex","number":"372509572789493","expire_month":"06","expire_year":"2014","first_name":"Tim","last_name":"Bradley","payer_id":"bb03499e-71c6-11e3-85d4-22000a8a1935","billing_address":{"line1":"345 OneTown Rd.","line2":"","city":"Pasadena","state":"CA","postal_code":"92834","country_code":"US"}}
PayPal\Core\PPHttpConnection: Adding header Content-Type: application/json
PayPal\Core\PPHttpConnection: Adding header User-Agent: PayPalSDK/rest-sdk-php 0.6.0 (lang=PHP;v=5.4.21;bit=64;os=Darwin_13.0.0;machine=x86_64;openssl=0.9.8y;curl=7.30.0)
PayPal\Core\PPHttpConnection: Adding header Authorization: Bearer alvq-YlhmRiaQjqv9-ZSjabustXkzedYzYkwGCM3cxA
PayPal\Core\PPHttpConnection: Adding header PayPal-Request-Id: 21307064331946139008245747450
PayPal\Core\PPHttpConnection: Connecting to https://api.sandbox.paypal.com/v1/vault/credit-card
PayPal\Core\PPHttpConnection: Payload {"type":"amex","number":"372509572789493","expire_month":"06","expire_year":"2014","first_name":"Tim","last_name":"Bradley","payer_id":"bb03499e-71c6-11e3-85d4-22000a8a1935","billing_address":{"line1":"345 OneTown Rd.","line2":"Apt2.","city":"Pasadena","state":"CA","postal_code":"92834","country_code":"US"}}
PayPal\Core\PPHttpConnection: Adding header Content-Type: application/json
PayPal\Core\PPHttpConnection: Adding header User-Agent: PayPalSDK/rest-sdk-php 0.6.0 (lang=PHP;v=5.4.21;bit=64;os=Darwin_13.0.0;machine=x86_64;openssl=0.9.8y;curl=7.30.0)
PayPal\Core\PPHttpConnection: Adding header Authorization: Bearer alvq-YlhmRiaQjqv9-ZSjabustXkzedYzYkwGCM3cxA
PayPal\Core\PPHttpConnection: Adding header PayPal-Request-Id: 21307064331947139008248012425
PayPal\Transport\PPRestCall: {"id":"CARD-6E1274043W8503458KLNPTDQ","state":"ok","payer_id":"bb03499e-71c6-11e3-85d4-22000a8a1935","type":"amex","number":"xxxxxxxxxxx9493","expire_month":"6","expire_year":"2014","first_name":"Tim","last_name":"Bradley","billing_address":{"line1":"345 OneTown Rd.","line2":"Apt2.","city":"Pasadena","state":"CA","postal_code":"92834","country_code":"US"},"valid_until":"2017-01-17T00:00:00Z","create_time":"2014-01-18T22:00:46Z","update_time":"2014-01-18T22:00:46Z","links":[{"href":"https://api.sandbox.paypal.com/v1/vault/credit-card/CARD-6E1274043W8503458KLNPTDQ","rel":"self","method":"GET"},{"href":"https://api.sandbox.paypal.com/v1/vault/credit-card/CARD-6E1274043W8503458KLNPTDQ","rel":"delete","method":"DELETE"},{"href":"https://api.sandbox.paypal.com/v1/vault/credit-card/CARD-6E1274043W8503458KLNPTDQ","rel":"patch","method":"PATCH"}]}
SetExpressCheckout: API Error Message : PaymentAction of Order is not allowed with Unilateral and Non-Credentialed authentication.
SetExpressCheckout: API Error Message : Order total is invalid.
SetExpressCheckout: API Error Message : Order total is invalid.
SetExpressCheckout: API Error Message : PaymentAction of Order is not allowed with Unilateral and Non-Credentialed authentication.
SetExpressCheckout: API Error Message : PaymentAction of Order is not allowed with Unilateral and Non-Credentialed authentication.
SetExpressCheckout: API Error Message : PaymentAction of Order is not allowed with Unilateral and Non-Credentialed authentication.
SetExpressCheckout: API Error Message : PaymentAction of Order is not allowed with Unilateral and Non-Credentialed authentication.
SetExpressCheckout: API Error Message : PaymentAction of Order is not allowed with Unilateral and Non-Credentialed authentication.
SetExpressCheckout: API Error Message : PaymentAction of Order is not allowed with Unilateral and Non-Credentialed authentication.
SetExpressCheckout: API Error Message : PaymentAction of Order is not allowed with Unilateral and Non-Credentialed authentication.
PayPal\Core\PPHttpConnection: Connecting to https://api.sandbox.paypal.com/v1/oauth2/token
PayPal\Core\PPHttpConnection: Payload grant_type=client_credentials
PayPal\Core\PPHttpConnection: Adding header User-Agent: PayPalSDK/rest-sdk-php 0.6.0 (lang=PHP;v=5.4.21;bit=64;os=Darwin_13.0.0;machine=x86_64;openssl=0.9.8y;curl=7.30.0)
PayPal\Core\PPHttpConnection: Adding header Authorization: Basic QWFjT1VSQURuM3N6cktmeWlRbUhWNk83bXp2YmhnRWJuVEdhUU5zWWFpbF9LV1Q4S2FnOTFQVjlvSDNKOkVNSC1uaERhOERmQ013aFhmWTZHRHdQc1kzSHlVN0pMRXdWTDJUZjM4ZHloVTBkTEhaNnNhVmpscUYtUw==
PayPal\Core\PPHttpConnection: Adding header Accept: */*
SetExpressCheckout: API Error Message : PaymentAction of Order is not allowed with Unilateral and Non-Credentialed authentication.
SetExpressCheckout: API Error Message : PaymentAction of Order is not allowed with Unilateral and Non-Credentialed authentication.
SetExpressCheckout: API Error Message : PaymentAction of Order is not allowed with Unilateral and Non-Credentialed authentication.
SetExpressCheckout: API Error Message : PaymentAction of Order is not allowed with Unilateral and Non-Credentialed authentication.
SetExpressCheckout: API Error Message : PaymentAction of Order is not allowed with Unilateral and Non-Credentialed authentication.
SetExpressCheckout: API Error Message : PaymentAction of Order is not allowed with Unilateral and Non-Credentialed authentication.
SetExpressCheckout: API Error Message : PaymentAction of Order is not allowed with Unilateral and Non-Credentialed authentication.
SetExpressCheckout: API Error Message : PaymentAction of Order is not allowed with Unilateral and Non-Credentialed authentication.
PayPal\Core\PPHttpConnection: Connecting to https://api.sandbox.paypal.com/v1/oauth2/token
PayPal\Core\PPHttpConnection: Payload grant_type=client_credentials
PayPal\Core\PPHttpConnection: Adding header User-Agent: PayPalSDK/rest-sdk-php 0.6.0 (lang=PHP;v=5.4.21;bit=64;os=Darwin_13.0.0;machine=x86_64;openssl=0.9.8y;curl=7.30.0)
PayPal\Core\PPHttpConnection: Adding header Authorization: Basic QWFjT1VSQURuM3N6cktmeWlRbUhWNk83bXp2YmhnRWJuVEdhUU5zWWFpbF9LV1Q4S2FnOTFQVjlvSDNKOkVNSC1uaERhOERmQ013aFhmWTZHRHdQc1kzSHlVN0pMRXdWTDJUZjM4ZHloVTBkTEhaNnNhVmpscUYtUw==
PayPal\Core\PPHttpConnection: Adding header Accept: */*
PayPal\Core\PPHttpConnection: Connecting to https://api.sandbox.paypal.com/v1/oauth2/token
PayPal\Core\PPHttpConnection: Payload grant_type=client_credentials
PayPal\Core\PPHttpConnection: Adding header User-Agent: PayPalSDK/rest-sdk-php 0.6.0 (lang=PHP;v=5.4.7;bit=32;os=Windows_NT_6.1;machine=i586;openssl=0.9.8x;curl=7.24.0)
PayPal\Core\PPHttpConnection: Adding header Authorization: Basic QWFjT1VSQURuM3N6cktmeWlRbUhWNk83bXp2YmhnRWJuVEdhUU5zWWFpbF9LV1Q4S2FnOTFQVjlvSDNKOkVNSC1uaERhOERmQ013aFhmWTZHRHdQc1kzSHlVN0pMRXdWTDJUZjM4ZHloVTBkTEhaNnNhVmpscUYtUw==
PayPal\Core\PPHttpConnection: Adding header Accept: */*
PayPal\Core\PPHttpConnection: Invalid or no certificate authority found - Retrying using bundled CA certs file
PayPal\Core\PPHttpConnection: Connecting to https://api.sandbox.paypal.com/v1/vault/credit-card
PayPal\Core\PPHttpConnection: Payload {"type":"visa","number":"4777554296771248","expire_month":"06","expire_year":"2014","first_name":"John","last_name":"Meah","payer_id":"c7299b66-22cf-4591-928d-80e9ae9bdf58","billing_address":{"line1":"125 Bowery Street","line2":"Suite 814","city":"New York","state":"NY","postal_code":"10018","country_code":"US"}}
PayPal\Core\PPHttpConnection: Adding header Content-Type: application/json
PayPal\Core\PPHttpConnection: Adding header User-Agent: PayPalSDK/rest-sdk-php 0.6.0 (lang=PHP;v=5.4.7;bit=32;os=Windows_NT_6.1;machine=i586;openssl=0.9.8x;curl=7.24.0)
PayPal\Core\PPHttpConnection: Adding header Authorization: Bearer oSAzrj3Jch.VgqjOelKStVMf2vaPFCgikPfQHraViP8
PayPal\Core\PPHttpConnection: Adding header PayPal-Request-Id: 2130706726831213989984304585
PayPal\Core\PPHttpConnection: Invalid or no certificate authority found - Retrying using bundled CA certs file
PayPal\Transport\PPRestCall: {"id":"CARD-9HL947592B068035GKNRQLIQ","state":"ok","payer_id":"c7299b66-22cf-4591-928d-80e9ae9bdf58","type":"visa","number":"xxxxxxxxxxxx1248","expire_month":"6","expire_year":"2014","first_name":"John","last_name":"Meah","billing_address":{"line1":"125 Bowery Street","line2":"Suite 814","city":"New York","state":"NY","postal_code":"10018","country_code":"US"},"valid_until":"2017-05-01T00:00:00Z","create_time":"2014-05-02T02:40:34Z","update_time":"2014-05-02T02:40:34Z","links":[{"href":"https://api.sandbox.paypal.com/v1/vault/credit-card/CARD-9HL947592B068035GKNRQLIQ","rel":"self","method":"GET"},{"href":"https://api.sandbox.paypal.com/v1/vault/credit-card/CARD-9HL947592B068035GKNRQLIQ","rel":"delete","method":"DELETE"},{"href":"https://api.sandbox.paypal.com/v1/vault/credit-card/CARD-9HL947592B068035GKNRQLIQ","rel":"patch","method":"PATCH"}]}
PayPal\Core\PPHttpConnection: Connecting to https://api.sandbox.paypal.com/v1/vault/credit-card
PayPal\Core\PPHttpConnection: Payload {"type":"visa","number":"4715909675498679","expire_month":"06","expire_year":"2014","first_name":"John","last_name":"Meah","payer_id":"c7299b66-22cf-4591-928d-80e9ae9bdf58","billing_address":{"line1":"125 Bowery Street","line2":"Suite 814","city":"New York","state":"NY","postal_code":"10018","country_code":"US"}}
PayPal\Core\PPHttpConnection: Adding header Content-Type: application/json
PayPal\Core\PPHttpConnection: Adding header User-Agent: PayPalSDK/rest-sdk-php 0.6.0 (lang=PHP;v=5.4.7;bit=32;os=Windows_NT_6.1;machine=i586;openssl=0.9.8x;curl=7.24.0)
PayPal\Core\PPHttpConnection: Adding header Authorization: Bearer oSAzrj3Jch.VgqjOelKStVMf2vaPFCgikPfQHraViP8
PayPal\Core\PPHttpConnection: Adding header PayPal-Request-Id: 21307067268312139899878542417
PayPal\Core\PPHttpConnection: Invalid or no certificate authority found - Retrying using bundled CA certs file
PayPal\Transport\PPRestCall: {"id":"CARD-60396439K91014521KNRQOAY","state":"ok","payer_id":"c7299b66-22cf-4591-928d-80e9ae9bdf58","type":"visa","number":"xxxxxxxxxxxx8679","expire_month":"6","expire_year":"2014","first_name":"John","last_name":"Meah","billing_address":{"line1":"125 Bowery Street","line2":"Suite 814","city":"New York","state":"NY","postal_code":"10018","country_code":"US"},"valid_until":"2017-05-01T00:00:00Z","create_time":"2014-05-02T02:46:27Z","update_time":"2014-05-02T02:46:27Z","links":[{"href":"https://api.sandbox.paypal.com/v1/vault/credit-card/CARD-60396439K91014521KNRQOAY","rel":"self","method":"GET"},{"href":"https://api.sandbox.paypal.com/v1/vault/credit-card/CARD-60396439K91014521KNRQOAY","rel":"delete","method":"DELETE"},{"href":"https://api.sandbox.paypal.com/v1/vault/credit-card/CARD-60396439K91014521KNRQOAY","rel":"patch","method":"PATCH"}]}
PayPal\Core\PPHttpConnection: Connecting to https://api.sandbox.paypal.com/v1/oauth2/token
PayPal\Core\PPHttpConnection: Payload grant_type=client_credentials
PayPal\Core\PPHttpConnection: Adding header User-Agent: PayPalSDK/rest-sdk-php 0.6.0 (lang=PHP;v=5.4.7;bit=32;os=Windows_NT_6.1;machine=i586;openssl=0.9.8x;curl=7.24.0)
PayPal\Core\PPHttpConnection: Adding header Authorization: Basic QWFjT1VSQURuM3N6cktmeWlRbUhWNk83bXp2YmhnRWJuVEdhUU5zWWFpbF9LV1Q4S2FnOTFQVjlvSDNKOkVNSC1uaERhOERmQ013aFhmWTZHRHdQc1kzSHlVN0pMRXdWTDJUZjM4ZHloVTBkTEhaNnNhVmpscUYtUw==
PayPal\Core\PPHttpConnection: Adding header Accept: */*
PayPal\Core\PPHttpConnection: Invalid or no certificate authority found - Retrying using bundled CA certs file
PayPal\Core\PPHttpConnection: Connecting to https://api.sandbox.paypal.com/v1/vault/credit-card
PayPal\Core\PPHttpConnection: Payload {"type":"visa","number":"4715909675498679","expire_month":"06","expire_year":"2014","first_name":"John","last_name":"Meah","payer_id":"c7299b66-22cf-4591-928d-80e9ae9bdf58","billing_address":{"line1":"125 Bowery Street","line2":"Suite 814","city":"New York","state":"NY","postal_code":"10018","country_code":"US"}}
PayPal\Core\PPHttpConnection: Adding header Content-Type: application/json
PayPal\Core\PPHttpConnection: Adding header User-Agent: PayPalSDK/rest-sdk-php 0.6.0 (lang=PHP;v=5.4.7;bit=32;os=Windows_NT_6.1;machine=i586;openssl=0.9.8x;curl=7.24.0)
PayPal\Core\PPHttpConnection: Adding header Authorization: Bearer 14Xw3RHIOYYd9vW1iWUXLkbnb0ZJWQqlfdyxpY87L4Y
PayPal\Core\PPHttpConnection: Adding header PayPal-Request-Id: 2130706726831213991008017
PayPal\Core\PPHttpConnection: Invalid or no certificate authority found - Retrying using bundled CA certs file
PayPal\Transport\PPRestCall: {"id":"CARD-08321281S80705521KNSJLCI","state":"ok","payer_id":"c7299b66-22cf-4591-928d-80e9ae9bdf58","type":"visa","number":"xxxxxxxxxxxx8679","expire_month":"6","expire_year":"2014","first_name":"John","last_name":"Meah","billing_address":{"line1":"125 Bowery Street","line2":"Suite 814","city":"New York","state":"NY","postal_code":"10018","country_code":"US"},"valid_until":"2017-05-02T00:00:00Z","create_time":"2014-05-03T07:06:49Z","update_time":"2014-05-03T07:06:49Z","links":[{"href":"https://api.sandbox.paypal.com/v1/vault/credit-card/CARD-08321281S80705521KNSJLCI","rel":"self","method":"GET"},{"href":"https://api.sandbox.paypal.com/v1/vault/credit-card/CARD-08321281S80705521KNSJLCI","rel":"delete","method":"DELETE"},{"href":"https://api.sandbox.paypal.com/v1/vault/credit-card/CARD-08321281S80705521KNSJLCI","rel":"patch","method":"PATCH"}]}
PayPal\Core\PPHttpConnection: Connecting to https://api.sandbox.paypal.com/v1/oauth2/token
PayPal\Core\PPHttpConnection: Payload grant_type=client_credentials
PayPal\Core\PPHttpConnection: Adding header User-Agent: PayPalSDK/rest-sdk-php 0.6.0 (lang=PHP;v=5.4.7;bit=32;os=Windows_NT_6.1;machine=i586;openssl=0.9.8x;curl=7.24.0)
PayPal\Core\PPHttpConnection: Adding header Authorization: Basic QWFjT1VSQURuM3N6cktmeWlRbUhWNk83bXp2YmhnRWJuVEdhUU5zWWFpbF9LV1Q4S2FnOTFQVjlvSDNKOkVNSC1uaERhOERmQ013aFhmWTZHRHdQc1kzSHlVN0pMRXdWTDJUZjM4ZHloVTBkTEhaNnNhVmpscUYtUw==
PayPal\Core\PPHttpConnection: Adding header Accept: */*
PayPal\Core\PPHttpConnection: Invalid or no certificate authority found - Retrying using bundled CA certs file
PayPal\Core\PPHttpConnection: Connecting to https://api.sandbox.paypal.com/v1/vault/credit-card
PayPal\Core\PPHttpConnection: Payload {"type":"visa","number":"4868824420003739","expire_month":"06","expire_year":"2014","first_name":"John","last_name":"Meah","payer_id":"3659887c-7386-11e3-85d4-22000a8a1935","billing_address":{"line1":"125 Bowery Street","line2":"Suite 814","city":"New York","state":"NY","postal_code":"10018","country_code":"US"}}
PayPal\Core\PPHttpConnection: Adding header Content-Type: application/json
PayPal\Core\PPHttpConnection: Adding header User-Agent: PayPalSDK/rest-sdk-php 0.6.0 (lang=PHP;v=5.4.7;bit=32;os=Windows_NT_6.1;machine=i586;openssl=0.9.8x;curl=7.24.0)
PayPal\Core\PPHttpConnection: Adding header Authorization: Bearer hYSPIyMdy6k5Uy6y5I34zAyEZ9CxkSytjJ41UKmyyvc
PayPal\Core\PPHttpConnection: Adding header PayPal-Request-Id: 21307067268312139910136662099
PayPal\Core\PPHttpConnection: Invalid or no certificate authority found - Retrying using bundled CA certs file
PayPal\Transport\PPRestCall: {"id":"CARD-23995825CF6626644KNSJPPA","state":"ok","payer_id":"3659887c-7386-11e3-85d4-22000a8a1935","type":"visa","number":"xxxxxxxxxxxx3739","expire_month":"6","expire_year":"2014","first_name":"John","last_name":"Meah","billing_address":{"line1":"125 Bowery Street","line2":"Suite 814","city":"New York","state":"NY","postal_code":"10018","country_code":"US"},"valid_until":"2017-05-02T00:00:00Z","create_time":"2014-05-03T07:16:12Z","update_time":"2014-05-03T07:16:12Z","links":[{"href":"https://api.sandbox.paypal.com/v1/vault/credit-card/CARD-23995825CF6626644KNSJPPA","rel":"self","method":"GET"},{"href":"https://api.sandbox.paypal.com/v1/vault/credit-card/CARD-23995825CF6626644KNSJPPA","rel":"delete","method":"DELETE"},{"href":"https://api.sandbox.paypal.com/v1/vault/credit-card/CARD-23995825CF6626644KNSJPPA","rel":"patch","method":"PATCH"}]}
PayPal\Core\PPHttpConnection: Connecting to https://api.sandbox.paypal.com/v1/vault/credit-card
PayPal\Core\PPHttpConnection: Payload {"type":"visa","number":"4715909675498679","expire_month":"06","expire_year":"2014","first_name":"John","last_name":"Meah","payer_id":"c7299b66-22cf-4591-928d-80e9ae9bdf58","billing_address":{"line1":"125 Bowery Street","line2":"Suite 814","city":"New York","state":"NY","postal_code":"10018","country_code":"US"}}
PayPal\Core\PPHttpConnection: Adding header Content-Type: application/json
PayPal\Core\PPHttpConnection: Adding header User-Agent: PayPalSDK/rest-sdk-php 0.6.0 (lang=PHP;v=5.4.7;bit=32;os=Windows_NT_6.1;machine=i586;openssl=0.9.8x;curl=7.24.0)
PayPal\Core\PPHttpConnection: Adding header Authorization: Bearer 14Xw3RHIOYYd9vW1iWUXLkbnb0ZJWQqlfdyxpY87L4Y
PayPal\Core\PPHttpConnection: Adding header PayPal-Request-Id: 21307067268312139910346532354
PayPal\Core\PPHttpConnection: Invalid or no certificate authority found - Retrying using bundled CA certs file
PayPal\Transport\PPRestCall: {"id":"CARD-3BH32530WA4670621KNSJ73I","state":"ok","payer_id":"c7299b66-22cf-4591-928d-80e9ae9bdf58","type":"visa","number":"xxxxxxxxxxxx8679","expire_month":"6","expire_year":"2014","first_name":"John","last_name":"Meah","billing_address":{"line1":"125 Bowery Street","line2":"Suite 814","city":"New York","state":"NY","postal_code":"10018","country_code":"US"},"valid_until":"2017-05-02T00:00:00Z","create_time":"2014-05-03T07:51:09Z","update_time":"2014-05-03T07:51:09Z","links":[{"href":"https://api.sandbox.paypal.com/v1/vault/credit-card/CARD-3BH32530WA4670621KNSJ73I","rel":"self","method":"GET"},{"href":"https://api.sandbox.paypal.com/v1/vault/credit-card/CARD-3BH32530WA4670621KNSJ73I","rel":"delete","method":"DELETE"},{"href":"https://api.sandbox.paypal.com/v1/vault/credit-card/CARD-3BH32530WA4670621KNSJ73I","rel":"patch","method":"PATCH"}]}
PayPal\Core\PPHttpConnection: Connecting to https://api.sandbox.paypal.com/v1/vault/credit-card
PayPal\Core\PPHttpConnection: Payload {"type":"visa","number":"47159096754986d79","expire_month":"06","expire_year":"2014","first_name":"John","last_name":"Meah","payer_id":"c7299b66-22cf-4591-928d-80e9ae9bdf58","billing_address":{"line1":"125 Bowery Street","line2":"Suite 814","city":"New York","state":"NY","postal_code":"10018","country_code":"US"}}
PayPal\Core\PPHttpConnection: Adding header Content-Type: application/json
PayPal\Core\PPHttpConnection: Adding header User-Agent: PayPalSDK/rest-sdk-php 0.6.0 (lang=PHP;v=5.4.7;bit=32;os=Windows_NT_6.1;machine=i586;openssl=0.9.8x;curl=7.24.0)
PayPal\Core\PPHttpConnection: Adding header Authorization: Bearer 14Xw3RHIOYYd9vW1iWUXLkbnb0ZJWQqlfdyxpY87L4Y
PayPal\Core\PPHttpConnection: Adding header PayPal-Request-Id: 21307067268312139910376647173
PayPal\Core\PPHttpConnection: Invalid or no certificate authority found - Retrying using bundled CA certs file
PayPal\Core\PPHttpConnection: Connecting to https://api.sandbox.paypal.com/v1/vault/credit-card
PayPal\Core\PPHttpConnection: Payload {"type":"visa","number":"4715909675498679","expire_month":"06","expire_year":"2014","first_name":"John","last_name":"Meah","payer_id":"c7299b66-22cf-4591-928d-80e9ae9bdf58","billing_address":{"line1":"125 Bowery Street","line2":"Suite 814","city":"New York","state":"NY","postal_code":"10018","country_code":"US"}}
PayPal\Core\PPHttpConnection: Adding header Content-Type: application/json
PayPal\Core\PPHttpConnection: Adding header User-Agent: PayPalSDK/rest-sdk-php 0.6.0 (lang=PHP;v=5.4.7;bit=32;os=Windows_NT_6.1;machine=i586;openssl=0.9.8x;curl=7.24.0)
PayPal\Core\PPHttpConnection: Adding header Authorization: Bearer 14Xw3RHIOYYd9vW1iWUXLkbnb0ZJWQqlfdyxpY87L4Y
PayPal\Core\PPHttpConnection: Adding header PayPal-Request-Id: 21307067268312139910420116987
PayPal\Core\PPHttpConnection: Invalid or no certificate authority found - Retrying using bundled CA certs file
PayPal\Transport\PPRestCall: {"id":"CARD-7JH942272J031332TKNSKFTA","state":"ok","payer_id":"c7299b66-22cf-4591-928d-80e9ae9bdf58","type":"visa","number":"xxxxxxxxxxxx8679","expire_month":"6","expire_year":"2014","first_name":"John","last_name":"Meah","billing_address":{"line1":"125 Bowery Street","line2":"Suite 814","city":"New York","state":"NY","postal_code":"10018","country_code":"US"},"valid_until":"2017-05-02T00:00:00Z","create_time":"2014-05-03T08:03:24Z","update_time":"2014-05-03T08:03:24Z","links":[{"href":"https://api.sandbox.paypal.com/v1/vault/credit-card/CARD-7JH942272J031332TKNSKFTA","rel":"self","method":"GET"},{"href":"https://api.sandbox.paypal.com/v1/vault/credit-card/CARD-7JH942272J031332TKNSKFTA","rel":"delete","method":"DELETE"},{"href":"https://api.sandbox.paypal.com/v1/vault/credit-card/CARD-7JH942272J031332TKNSKFTA","rel":"patch","method":"PATCH"}]}
PayPal\Core\PPHttpConnection: Connecting to https://api.sandbox.paypal.com/v1/oauth2/token
PayPal\Core\PPHttpConnection: Payload grant_type=client_credentials
PayPal\Core\PPHttpConnection: Adding header User-Agent: PayPalSDK/rest-sdk-php 0.6.0 (lang=PHP;v=5.4.7;bit=32;os=Windows_NT_6.1;machine=i586;openssl=0.9.8x;curl=7.24.0)
PayPal\Core\PPHttpConnection: Adding header Authorization: Basic QWFjT1VSQURuM3N6cktmeWlRbUhWNk83bXp2YmhnRWJuVEdhUU5zWWFpbF9LV1Q4S2FnOTFQVjlvSDNKOkVNSC1uaERhOERmQ013aFhmWTZHRHdQc1kzSHlVN0pMRXdWTDJUZjM4ZHloVTBkTEhaNnNhVmpscUYtUw==
PayPal\Core\PPHttpConnection: Adding header Accept: */*
PayPal\Core\PPHttpConnection: Invalid or no certificate authority found - Retrying using bundled CA certs file
PayPal\Core\PPHttpConnection: Connecting to https://api.sandbox.paypal.com/v1/vault/credit-card
PayPal\Core\PPHttpConnection: Payload {"type":"visa","number":"4088955753188954","expire_month":"06","expire_year":"2014","first_name":"Tran ","last_name":"IT","payer_id":"3659887c-7386-11e3-85d4-22000a8a1935","billing_address":{"line1":"125 Bowery Street","line2":"Suite 814","city":"New York","state":"NY","postal_code":"10018","country_code":"US"}}
PayPal\Core\PPHttpConnection: Adding header Content-Type: application/json
PayPal\Core\PPHttpConnection: Adding header User-Agent: PayPalSDK/rest-sdk-php 0.6.0 (lang=PHP;v=5.4.7;bit=32;os=Windows_NT_6.1;machine=i586;openssl=0.9.8x;curl=7.24.0)
PayPal\Core\PPHttpConnection: Adding header Authorization: Bearer BFhDnjdiAxM3uYI6f4NPhsOY3pB9tGqcZndg87N29Dw
PayPal\Core\PPHttpConnection: Adding header PayPal-Request-Id: 21307067262092139925400159857
PayPal\Core\PPHttpConnection: Invalid or no certificate authority found - Retrying using bundled CA certs file
PayPal\Transport\PPRestCall: {"id":"CARD-7KK012122N5256441KNTOX6A","state":"ok","payer_id":"3659887c-7386-11e3-85d4-22000a8a1935","type":"visa","number":"xxxxxxxxxxxx8954","expire_month":"6","expire_year":"2014","first_name":"Tran ","last_name":"IT","billing_address":{"line1":"125 Bowery Street","line2":"Suite 814","city":"New York","state":"NY","postal_code":"10018","country_code":"US"},"valid_until":"2017-05-04T00:00:00Z","create_time":"2014-05-05T01:40:08Z","update_time":"2014-05-05T01:40:08Z","links":[{"href":"https://api.sandbox.paypal.com/v1/vault/credit-card/CARD-7KK012122N5256441KNTOX6A","rel":"self","method":"GET"},{"href":"https://api.sandbox.paypal.com/v1/vault/credit-card/CARD-7KK012122N5256441KNTOX6A","rel":"delete","method":"DELETE"},{"href":"https://api.sandbox.paypal.com/v1/vault/credit-card/CARD-7KK012122N5256441KNTOX6A","rel":"patch","method":"PATCH"}]}
PayPal\Core\PPHttpConnection: Connecting to https://api.sandbox.paypal.com/v1/vault/credit-card/0
PayPal\Core\PPHttpConnection: Payload 
PayPal\Core\PPHttpConnection: Adding header Content-Type: application/json
PayPal\Core\PPHttpConnection: Adding header User-Agent: PayPalSDK/rest-sdk-php 0.6.0 (lang=PHP;v=5.4.7;bit=32;os=Windows_NT_6.1;machine=i586;openssl=0.9.8x;curl=7.24.0)
PayPal\Core\PPHttpConnection: Adding header Authorization: Bearer BFhDnjdiAxM3uYI6f4NPhsOY3pB9tGqcZndg87N29Dw
PayPal\Core\PPHttpConnection: Invalid or no certificate authority found - Retrying using bundled CA certs file
PayPal\Core\PPHttpConnection: Connecting to https://api.sandbox.paypal.com/v1/vault/credit-card/0
PayPal\Core\PPHttpConnection: Payload 
PayPal\Core\PPHttpConnection: Adding header Content-Type: application/json
PayPal\Core\PPHttpConnection: Adding header User-Agent: PayPalSDK/rest-sdk-php 0.6.0 (lang=PHP;v=5.4.7;bit=32;os=Windows_NT_6.1;machine=i586;openssl=0.9.8x;curl=7.24.0)
PayPal\Core\PPHttpConnection: Adding header Authorization: Bearer BFhDnjdiAxM3uYI6f4NPhsOY3pB9tGqcZndg87N29Dw
PayPal\Core\PPHttpConnection: Invalid or no certificate authority found - Retrying using bundled CA certs file
PayPal\Core\PPHttpConnection: Connecting to https://api.sandbox.paypal.com/v1/vault/credit-card
PayPal\Core\PPHttpConnection: Payload {"type":"visa","number":"4088955753188954","expire_month":"06","expire_year":"2014","first_name":"Tran ","last_name":"IT","payer_id":"3659887c-7386-11e3-85d4-22000a8a1935","billing_address":{"line1":"125 Bowery Street","line2":"Suite 814","city":"New York","state":"NY","postal_code":"10018","country_code":"US"}}
PayPal\Core\PPHttpConnection: Adding header Content-Type: application/json
PayPal\Core\PPHttpConnection: Adding header User-Agent: PayPalSDK/rest-sdk-php 0.6.0 (lang=PHP;v=5.4.7;bit=32;os=Windows_NT_6.1;machine=i586;openssl=0.9.8x;curl=7.24.0)
PayPal\Core\PPHttpConnection: Adding header Authorization: Bearer BFhDnjdiAxM3uYI6f4NPhsOY3pB9tGqcZndg87N29Dw
PayPal\Core\PPHttpConnection: Adding header PayPal-Request-Id: 2130706726209213992614225761
PayPal\Core\PPHttpConnection: Invalid or no certificate authority found - Retrying using bundled CA certs file
PayPal\Transport\PPRestCall: {"id":"CARD-93Y23912BU1530820KNTQR4Q","state":"ok","payer_id":"3659887c-7386-11e3-85d4-22000a8a1935","type":"visa","number":"xxxxxxxxxxxx8954","expire_month":"6","expire_year":"2014","first_name":"Tran ","last_name":"IT","billing_address":{"line1":"125 Bowery Street","line2":"Suite 814","city":"New York","state":"NY","postal_code":"10018","country_code":"US"},"valid_until":"2017-05-04T00:00:00Z","create_time":"2014-05-05T03:43:46Z","update_time":"2014-05-05T03:43:46Z","links":[{"href":"https://api.sandbox.paypal.com/v1/vault/credit-card/CARD-93Y23912BU1530820KNTQR4Q","rel":"self","method":"GET"},{"href":"https://api.sandbox.paypal.com/v1/vault/credit-card/CARD-93Y23912BU1530820KNTQR4Q","rel":"delete","method":"DELETE"},{"href":"https://api.sandbox.paypal.com/v1/vault/credit-card/CARD-93Y23912BU1530820KNTQR4Q","rel":"patch","method":"PATCH"}]}
PayPal\Core\PPHttpConnection: Connecting to https://api.sandbox.paypal.com/v1/oauth2/token
PayPal\Core\PPHttpConnection: Payload grant_type=client_credentials
PayPal\Core\PPHttpConnection: Adding header User-Agent: PayPalSDK/rest-sdk-php 0.6.0 (lang=PHP;v=5.4.7;bit=32;os=Windows_NT_6.1;machine=i586;openssl=0.9.8x;curl=7.24.0)
PayPal\Core\PPHttpConnection: Adding header Authorization: Basic QWFjT1VSQURuM3N6cktmeWlRbUhWNk83bXp2YmhnRWJuVEdhUU5zWWFpbF9LV1Q4S2FnOTFQVjlvSDNKOkVNSC1uaERhOERmQ013aFhmWTZHRHdQc1kzSHlVN0pMRXdWTDJUZjM4ZHloVTBkTEhaNnNhVmpscUYtUw==
PayPal\Core\PPHttpConnection: Adding header Accept: */*
PayPal\Core\PPHttpConnection: Invalid or no certificate authority found - Retrying using bundled CA certs file
PayPal\Core\PPHttpConnection: Connecting to https://api.sandbox.paypal.com/v1/vault/credit-card/CARD-7KK012122N5256441KNTOX6A
PayPal\Core\PPHttpConnection: Payload 
PayPal\Core\PPHttpConnection: Adding header Content-Type: application/json
PayPal\Core\PPHttpConnection: Adding header User-Agent: PayPalSDK/rest-sdk-php 0.6.0 (lang=PHP;v=5.4.7;bit=32;os=Windows_NT_6.1;machine=i586;openssl=0.9.8x;curl=7.24.0)
PayPal\Core\PPHttpConnection: Adding header Authorization: Bearer .hK58l5VaNMX.DDdYEcYWjJH5INGiLPo6xLn.Yjvj8w
PayPal\Core\PPHttpConnection: Invalid or no certificate authority found - Retrying using bundled CA certs file
PayPal\Transport\PPRestCall: {"id":"CARD-7KK012122N5256441KNTOX6A","state":"ok","payer_id":"3659887c-7386-11e3-85d4-22000a8a1935","type":"visa","number":"xxxxxxxxxxxx8954","expire_month":"6","expire_year":"2014","first_name":"Tran ","last_name":"IT","billing_address":{"line1":"125 Bowery Street","line2":"Suite 814","city":"New York","state":"NY","postal_code":"10018","country_code":"US"},"valid_until":"2017-05-04T00:00:00Z","create_time":"2014-05-05T01:40:08Z","update_time":"2014-05-05T01:40:08Z","links":[{"href":"https://api.sandbox.paypal.com/v1/vault/credit-card/CARD-7KK012122N5256441KNTOX6A","rel":"self","method":"GET"},{"href":"https://api.sandbox.paypal.com/v1/vault/credit-card/CARD-7KK012122N5256441KNTOX6A","rel":"delete","method":"DELETE"},{"href":"https://api.sandbox.paypal.com/v1/vault/credit-card/CARD-7KK012122N5256441KNTOX6A","rel":"patch","method":"PATCH"}]}
PayPal\Core\PPHttpConnection: Connecting to https://api.sandbox.paypal.com/v1/vault/credit-card/CARD-7KK012122N5256441KNTOX6A
PayPal\Core\PPHttpConnection: Payload 
PayPal\Core\PPHttpConnection: Adding header Content-Type: application/json
PayPal\Core\PPHttpConnection: Adding header User-Agent: PayPalSDK/rest-sdk-php 0.6.0 (lang=PHP;v=5.4.7;bit=32;os=Windows_NT_6.1;machine=i586;openssl=0.9.8x;curl=7.24.0)
PayPal\Core\PPHttpConnection: Adding header Authorization: Bearer .hK58l5VaNMX.DDdYEcYWjJH5INGiLPo6xLn.Yjvj8w
PayPal\Core\PPHttpConnection: Connecting to https://api.sandbox.paypal.com/v1/vault/credit-card/CARD-7KK012122N5256441KNTOX6A
PayPal\Core\PPHttpConnection: Payload 
PayPal\Core\PPHttpConnection: Adding header Content-Type: application/json
PayPal\Core\PPHttpConnection: Adding header User-Agent: PayPalSDK/rest-sdk-php 0.6.0 (lang=PHP;v=5.4.7;bit=32;os=Windows_NT_6.1;machine=i586;openssl=0.9.8x;curl=7.24.0)
PayPal\Core\PPHttpConnection: Adding header Authorization: Bearer BFhDnjdiAxM3uYI6f4NPhsOY3pB9tGqcZndg87N29Dw
PayPal\Core\PPHttpConnection: Invalid or no certificate authority found - Retrying using bundled CA certs file
PayPal\Transport\PPRestCall: {"id":"CARD-7KK012122N5256441KNTOX6A","state":"ok","payer_id":"3659887c-7386-11e3-85d4-22000a8a1935","type":"visa","number":"xxxxxxxxxxxx8954","expire_month":"6","expire_year":"2014","first_name":"Tran ","last_name":"IT","billing_address":{"line1":"125 Bowery Street","line2":"Suite 814","city":"New York","state":"NY","postal_code":"10018","country_code":"US"},"valid_until":"2017-05-04T00:00:00Z","create_time":"2014-05-05T01:40:08Z","update_time":"2014-05-05T01:40:08Z","links":[{"href":"https://api.sandbox.paypal.com/v1/vault/credit-card/CARD-7KK012122N5256441KNTOX6A","rel":"self","method":"GET"},{"href":"https://api.sandbox.paypal.com/v1/vault/credit-card/CARD-7KK012122N5256441KNTOX6A","rel":"delete","method":"DELETE"},{"href":"https://api.sandbox.paypal.com/v1/vault/credit-card/CARD-7KK012122N5256441KNTOX6A","rel":"patch","method":"PATCH"}]}
PayPal\Core\PPHttpConnection: Connecting to https://api.sandbox.paypal.com/v1/vault/credit-card/CARD-7KK012122N5256441KNTOX6A
PayPal\Core\PPHttpConnection: Payload 
PayPal\Core\PPHttpConnection: Adding header Content-Type: application/json
PayPal\Core\PPHttpConnection: Adding header User-Agent: PayPalSDK/rest-sdk-php 0.6.0 (lang=PHP;v=5.4.7;bit=32;os=Windows_NT_6.1;machine=i586;openssl=0.9.8x;curl=7.24.0)
PayPal\Core\PPHttpConnection: Adding header Authorization: Bearer BFhDnjdiAxM3uYI6f4NPhsOY3pB9tGqcZndg87N29Dw
PayPal\Core\PPHttpConnection: Connecting to https://api.sandbox.paypal.com/v1/vault/credit-card/CARD-23995825CF6626644KNSJPPA
PayPal\Core\PPHttpConnection: Payload 
PayPal\Core\PPHttpConnection: Adding header Content-Type: application/json
PayPal\Core\PPHttpConnection: Adding header User-Agent: PayPalSDK/rest-sdk-php 0.6.0 (lang=PHP;v=5.4.7;bit=32;os=Windows_NT_6.1;machine=i586;openssl=0.9.8x;curl=7.24.0)
PayPal\Core\PPHttpConnection: Adding header Authorization: Bearer BFhDnjdiAxM3uYI6f4NPhsOY3pB9tGqcZndg87N29Dw
PayPal\Core\PPHttpConnection: Invalid or no certificate authority found - Retrying using bundled CA certs file
PayPal\Transport\PPRestCall: {"id":"CARD-23995825CF6626644KNSJPPA","state":"ok","payer_id":"3659887c-7386-11e3-85d4-22000a8a1935","type":"visa","number":"xxxxxxxxxxxx3739","expire_month":"6","expire_year":"2014","first_name":"John","last_name":"Meah","billing_address":{"line1":"125 Bowery Street","line2":"Suite 814","city":"New York","state":"NY","postal_code":"10018","country_code":"US"},"valid_until":"2017-05-02T00:00:00Z","create_time":"2014-05-03T07:16:12Z","update_time":"2014-05-03T07:16:12Z","links":[{"href":"https://api.sandbox.paypal.com/v1/vault/credit-card/CARD-23995825CF6626644KNSJPPA","rel":"self","method":"GET"},{"href":"https://api.sandbox.paypal.com/v1/vault/credit-card/CARD-23995825CF6626644KNSJPPA","rel":"delete","method":"DELETE"},{"href":"https://api.sandbox.paypal.com/v1/vault/credit-card/CARD-23995825CF6626644KNSJPPA","rel":"patch","method":"PATCH"}]}
PayPal\Core\PPHttpConnection: Connecting to https://api.sandbox.paypal.com/v1/vault/credit-card/CARD-23995825CF6626644KNSJPPA
PayPal\Core\PPHttpConnection: Payload 
PayPal\Core\PPHttpConnection: Adding header Content-Type: application/json
PayPal\Core\PPHttpConnection: Adding header User-Agent: PayPalSDK/rest-sdk-php 0.6.0 (lang=PHP;v=5.4.7;bit=32;os=Windows_NT_6.1;machine=i586;openssl=0.9.8x;curl=7.24.0)
PayPal\Core\PPHttpConnection: Adding header Authorization: Bearer BFhDnjdiAxM3uYI6f4NPhsOY3pB9tGqcZndg87N29Dw
PayPal\Core\PPHttpConnection: Invalid or no certificate authority found - Retrying using bundled CA certs file
PayPal\Transport\PPRestCall: {"id":"CARD-23995825CF6626644KNSJPPA","state":"ok","payer_id":"3659887c-7386-11e3-85d4-22000a8a1935","type":"visa","number":"xxxxxxxxxxxx3739","expire_month":"6","expire_year":"2014","first_name":"John","last_name":"Meah","billing_address":{"line1":"125 Bowery Street","line2":"Suite 814","city":"New York","state":"NY","postal_code":"10018","country_code":"US"},"valid_until":"2017-05-02T00:00:00Z","create_time":"2014-05-03T07:16:12Z","update_time":"2014-05-03T07:16:12Z","links":[{"href":"https://api.sandbox.paypal.com/v1/vault/credit-card/CARD-23995825CF6626644KNSJPPA","rel":"self","method":"GET"},{"href":"https://api.sandbox.paypal.com/v1/vault/credit-card/CARD-23995825CF6626644KNSJPPA","rel":"delete","method":"DELETE"},{"href":"https://api.sandbox.paypal.com/v1/vault/credit-card/CARD-23995825CF6626644KNSJPPA","rel":"patch","method":"PATCH"}]}
PayPal\Core\PPHttpConnection: Connecting to https://api.sandbox.paypal.com/v1/vault/credit-card/CARD-23995825CF6626644KNSJPPA
PayPal\Core\PPHttpConnection: Payload 
PayPal\Core\PPHttpConnection: Adding header Content-Type: application/json
PayPal\Core\PPHttpConnection: Adding header User-Agent: PayPalSDK/rest-sdk-php 0.6.0 (lang=PHP;v=5.4.7;bit=32;os=Windows_NT_6.1;machine=i586;openssl=0.9.8x;curl=7.24.0)
PayPal\Core\PPHttpConnection: Adding header Authorization: Bearer BFhDnjdiAxM3uYI6f4NPhsOY3pB9tGqcZndg87N29Dw
PayPal\Core\PPHttpConnection: Connecting to https://api.sandbox.paypal.com/v1/vault/credit-card/CARD-23995825CF6626644KNSJPPA
PayPal\Core\PPHttpConnection: Payload 
PayPal\Core\PPHttpConnection: Adding header Content-Type: application/json
PayPal\Core\PPHttpConnection: Adding header User-Agent: PayPalSDK/rest-sdk-php 0.6.0 (lang=PHP;v=5.4.7;bit=32;os=Windows_NT_6.1;machine=i586;openssl=0.9.8x;curl=7.24.0)
PayPal\Core\PPHttpConnection: Adding header Authorization: Bearer BFhDnjdiAxM3uYI6f4NPhsOY3pB9tGqcZndg87N29Dw
PayPal\Core\PPHttpConnection: Invalid or no certificate authority found - Retrying using bundled CA certs file
PayPal\Transport\PPRestCall: {"id":"CARD-23995825CF6626644KNSJPPA","state":"ok","payer_id":"3659887c-7386-11e3-85d4-22000a8a1935","type":"visa","number":"xxxxxxxxxxxx3739","expire_month":"6","expire_year":"2014","first_name":"John","last_name":"Meah","billing_address":{"line1":"125 Bowery Street","line2":"Suite 814","city":"New York","state":"NY","postal_code":"10018","country_code":"US"},"valid_until":"2017-05-02T00:00:00Z","create_time":"2014-05-03T07:16:12Z","update_time":"2014-05-03T07:16:12Z","links":[{"href":"https://api.sandbox.paypal.com/v1/vault/credit-card/CARD-23995825CF6626644KNSJPPA","rel":"self","method":"GET"},{"href":"https://api.sandbox.paypal.com/v1/vault/credit-card/CARD-23995825CF6626644KNSJPPA","rel":"delete","method":"DELETE"},{"href":"https://api.sandbox.paypal.com/v1/vault/credit-card/CARD-23995825CF6626644KNSJPPA","rel":"patch","method":"PATCH"}]}
